d:\projects\practice\code\code\debug\vc141.pdb
d:\projects\practice\code\code\debug\vc141.idb
d:\projects\practice\code\code\debug\testmain.obj
d:\projects\practice\code\code\debug\quicksort.obj
d:\projects\practice\code\code\debug\longestpalindrome.obj
d:\projects\practice\code\code\debug\courseschedule.obj
d:\projects\practice\code\code\debug\vcpkg.applocal.log
d:\projects\practice\code\debug\gtestd.dll
d:\projects\practice\code\debug\code.pdb
d:\projects\practice\code\code\debug\code.tlog\cl.command.1.tlog
d:\projects\practice\code\code\debug\code.tlog\cl.read.1.tlog
d:\projects\practice\code\code\debug\code.tlog\cl.write.1.tlog
d:\projects\practice\code\code\debug\code.tlog\code.write.1u.tlog
d:\projects\practice\code\code\debug\code.tlog\link-cvtres.read.1.tlog
d:\projects\practice\code\code\debug\code.tlog\link-cvtres.write.1.tlog
d:\projects\practice\code\code\debug\code.tlog\link-rc.read.1.tlog
d:\projects\practice\code\code\debug\code.tlog\link-rc.write.1.tlog
d:\projects\practice\code\code\debug\code.tlog\link.43384-cvtres.read.1.tlog
d:\projects\practice\code\code\debug\code.tlog\link.43384-cvtres.write.1.tlog
d:\projects\practice\code\code\debug\code.tlog\link.43384-rc.read.1.tlog
d:\projects\practice\code\code\debug\code.tlog\link.43384-rc.write.1.tlog
d:\projects\practice\code\code\debug\code.tlog\link.43384.read.1.tlog
d:\projects\practice\code\code\debug\code.tlog\link.43384.write.1.tlog
d:\projects\practice\code\code\debug\code.tlog\link.command.1.tlog
d:\projects\practice\code\code\debug\code.tlog\link.read.1.tlog
d:\projects\practice\code\code\debug\code.tlog\link.write.1.tlog
